<?xml version="1.0" encoding="UTF-8"?>
<!-- Generated by org.testng.reporters.JUnitReportReporter -->
<testsuite hostname="user" name="com.cogniphi.MuthootServillance.TestSuite.NewTest" tests="1" failures="0" timestamp="1 Aug 2018 07:53:39 GMT" time="0.013" errors="0">
  <testcase name="f" time="0.013" classname="com.cogniphi.MuthootServillance.TestSuite.NewTest"/>
</testsuite> <!-- com.cogniphi.MuthootServillance.TestSuite.NewTest -->
